{"total": {"lines":{"total":123,"covered":82,"skipped":0,"pct":66.67},"statements":{"total":126,"covered":83,"skipped":0,"pct":65.87},"functions":{"total":51,"covered":29,"skipped":0,"pct":56.86},"branches":{"total":38,"covered":27,"skipped":0,"pct":71.05}}
,"/Users/belt/LEARN/punkapi-vue/src/App.vue": {"lines":{"total":6,"covered":6,"skipped":0,"pct":100},"functions":{"total":2,"covered":2,"skipped":0,"pct":100},"statements":{"total":6,"covered":6,"skipped":0,"pct":100},"branches":{"total":0,"covered":0,"skipped":0,"pct":100}}
,"/Users/belt/LEARN/punkapi-vue/src/components/PaFilters.vue": {"lines":{"total":11,"covered":4,"skipped":0,"pct":36.36},"functions":{"total":4,"covered":0,"skipped":0,"pct":0},"statements":{"total":11,"covered":4,"skipped":0,"pct":36.36},"branches":{"total":2,"covered":0,"skipped":0,"pct":0}}
,"/Users/belt/LEARN/punkapi-vue/src/components/PaGrid.vue": {"lines":{"total":5,"covered":5,"skipped":0,"pct":100},"functions":{"total":3,"covered":3,"skipped":0,"pct":100},"statements":{"total":5,"covered":5,"skipped":0,"pct":100},"branches":{"total":4,"covered":4,"skipped":0,"pct":100}}
,"/Users/belt/LEARN/punkapi-vue/src/components/PaGridItem.vue": {"lines":{"total":5,"covered":1,"skipped":0,"pct":20},"functions":{"total":4,"covered":0,"skipped":0,"pct":0},"statements":{"total":5,"covered":1,"skipped":0,"pct":20},"branches":{"total":3,"covered":0,"skipped":0,"pct":0}}
,"/Users/belt/LEARN/punkapi-vue/src/components/PaHeader.vue": {"lines":{"total":2,"covered":2,"skipped":0,"pct":100},"functions":{"total":0,"covered":0,"skipped":0,"pct":100},"statements":{"total":2,"covered":2,"skipped":0,"pct":100},"branches":{"total":0,"covered":0,"skipped":0,"pct":100}}
,"/Users/belt/LEARN/punkapi-vue/src/components/PaMain.vue": {"lines":{"total":13,"covered":8,"skipped":0,"pct":61.54},"functions":{"total":4,"covered":2,"skipped":0,"pct":50},"statements":{"total":13,"covered":8,"skipped":0,"pct":61.54},"branches":{"total":0,"covered":0,"skipped":0,"pct":100}}
,"/Users/belt/LEARN/punkapi-vue/src/components/PaModalBase.vue": {"lines":{"total":5,"covered":1,"skipped":0,"pct":20},"functions":{"total":4,"covered":0,"skipped":0,"pct":0},"statements":{"total":5,"covered":1,"skipped":0,"pct":20},"branches":{"total":0,"covered":0,"skipped":0,"pct":100}}
,"/Users/belt/LEARN/punkapi-vue/src/components/PaModalBeer.vue": {"lines":{"total":1,"covered":1,"skipped":0,"pct":100},"functions":{"total":0,"covered":0,"skipped":0,"pct":100},"statements":{"total":1,"covered":1,"skipped":0,"pct":100},"branches":{"total":0,"covered":0,"skipped":0,"pct":100}}
,"/Users/belt/LEARN/punkapi-vue/src/components/PaPicker.vue": {"lines":{"total":14,"covered":2,"skipped":0,"pct":14.29},"functions":{"total":6,"covered":2,"skipped":0,"pct":33.33},"statements":{"total":14,"covered":2,"skipped":0,"pct":14.29},"branches":{"total":8,"covered":2,"skipped":0,"pct":25}}
,"/Users/belt/LEARN/punkapi-vue/src/components/PaSearch.vue": {"lines":{"total":7,"covered":7,"skipped":0,"pct":100},"functions":{"total":2,"covered":2,"skipped":0,"pct":100},"statements":{"total":7,"covered":7,"skipped":0,"pct":100},"branches":{"total":6,"covered":6,"skipped":0,"pct":100}}
,"/Users/belt/LEARN/punkapi-vue/src/components/PaSwitcher.vue": {"lines":{"total":1,"covered":1,"skipped":0,"pct":100},"functions":{"total":1,"covered":1,"skipped":0,"pct":100},"statements":{"total":1,"covered":1,"skipped":0,"pct":100},"branches":{"total":0,"covered":0,"skipped":0,"pct":100}}
,"/Users/belt/LEARN/punkapi-vue/src/mixins/responsive.js": {"lines":{"total":8,"covered":7,"skipped":0,"pct":87.5},"functions":{"total":6,"covered":5,"skipped":0,"pct":83.33},"statements":{"total":8,"covered":7,"skipped":0,"pct":87.5},"branches":{"total":0,"covered":0,"skipped":0,"pct":100}}
,"/Users/belt/LEARN/punkapi-vue/src/store/modules/common.js": {"lines":{"total":7,"covered":7,"skipped":0,"pct":100},"functions":{"total":4,"covered":3,"skipped":0,"pct":75},"statements":{"total":8,"covered":7,"skipped":0,"pct":87.5},"branches":{"total":0,"covered":0,"skipped":0,"pct":100}}
,"/Users/belt/LEARN/punkapi-vue/src/store/modules/punkapi.js": {"lines":{"total":26,"covered":18,"skipped":0,"pct":69.23},"functions":{"total":8,"covered":6,"skipped":0,"pct":75},"statements":{"total":27,"covered":18,"skipped":0,"pct":66.67},"branches":{"total":8,"covered":8,"skipped":0,"pct":100}}
,"/Users/belt/LEARN/punkapi-vue/src/utils/filters.js": {"lines":{"total":8,"covered":8,"skipped":0,"pct":100},"functions":{"total":2,"covered":2,"skipped":0,"pct":100},"statements":{"total":9,"covered":9,"skipped":0,"pct":100},"branches":{"total":5,"covered":5,"skipped":0,"pct":100}}
,"/Users/belt/LEARN/punkapi-vue/src/utils/http.js": {"lines":{"total":4,"covered":4,"skipped":0,"pct":100},"functions":{"total":1,"covered":1,"skipped":0,"pct":100},"statements":{"total":4,"covered":4,"skipped":0,"pct":100},"branches":{"total":2,"covered":2,"skipped":0,"pct":100}}
}
