TN:
SF:/Users/belt/LEARN/punkapi-vue/src/App.vue
FN:35,(anonymous_1)
FN:40,(anonymous_2)
FNF:2
FNH:2
FNDA:2,(anonymous_1)
FNDA:2,(anonymous_2)
DA:20,1
DA:21,1
DA:22,1
DA:23,1
DA:36,2
DA:41,2
LF:6
LH:6
BRF:0
BRH:0
end_of_record
TN:
SF:/Users/belt/LEARN/punkapi-vue/src/components/PaFilters.vue
FN:37,(anonymous_1)
FN:44,(anonymous_2)
FN:54,(anonymous_3)
FN:65,(anonymous_4)
FNF:4
FNH:0
FNDA:0,(anonymous_1)
FNDA:0,(anonymous_2)
FNDA:0,(anonymous_3)
FNDA:0,(anonymous_4)
DA:16,1
DA:17,1
DA:18,1
DA:19,1
DA:38,0
DA:45,0
DA:46,0
DA:51,0
DA:55,0
DA:62,0
DA:66,0
LF:11
LH:4
BRDA:55,0,0,0
BRDA:55,0,1,0
BRF:2
BRH:0
end_of_record
TN:
SF:/Users/belt/LEARN/punkapi-vue/src/components/PaGrid.vue
FN:47,(anonymous_1)
FN:54,(anonymous_2)
FN:64,(anonymous_3)
FNF:3
FNH:3
FNDA:7,(anonymous_1)
FNDA:7,(anonymous_2)
FNDA:7,(anonymous_3)
DA:27,3
DA:28,3
DA:48,7
DA:55,7
DA:65,7
LF:5
LH:5
BRDA:55,0,0,2
BRDA:55,0,1,15
BRDA:65,1,0,2
BRDA:65,1,1,15
BRF:4
BRH:4
end_of_record
TN:
SF:/Users/belt/LEARN/punkapi-vue/src/components/PaGridItem.vue
FN:90,(anonymous_1)
FN:97,(anonymous_2)
FN:101,(anonymous_3)
FN:109,(anonymous_4)
FNF:4
FNH:0
FNDA:0,(anonymous_1)
FNDA:0,(anonymous_2)
FNDA:0,(anonymous_3)
FNDA:0,(anonymous_4)
DA:70,3
DA:91,0
DA:98,0
DA:102,0
DA:110,0
LF:5
LH:1
BRDA:102,0,0,0
BRDA:102,0,1,0
BRDA:102,0,2,0
BRF:3
BRH:0
end_of_record
TN:
SF:/Users/belt/LEARN/punkapi-vue/src/components/PaHeader.vue
FNF:0
FNH:0
DA:15,1
DA:16,1
LF:2
LH:2
BRF:0
BRH:0
end_of_record
TN:
SF:/Users/belt/LEARN/punkapi-vue/src/components/PaMain.vue
FN:43,(anonymous_1)
FN:50,(anonymous_2)
FN:68,(anonymous_3)
FN:75,(anonymous_4)
FNF:4
FNH:2
FNDA:7,(anonymous_1)
FNDA:7,(anonymous_2)
FNDA:0,(anonymous_3)
FNDA:0,(anonymous_4)
DA:25,2
DA:26,2
DA:27,2
DA:28,2
DA:29,2
DA:30,2
DA:44,7
DA:51,7
DA:69,0
DA:76,0
DA:77,0
DA:78,0
DA:79,0
LF:13
LH:8
BRF:0
BRH:0
end_of_record
TN:
SF:/Users/belt/LEARN/punkapi-vue/src/components/PaModalBase.vue
FN:47,(anonymous_1)
FN:64,(anonymous_2)
FN:67,(anonymous_3)
FN:72,(anonymous_4)
FNF:4
FNH:0
FNDA:0,(anonymous_1)
FNDA:0,(anonymous_2)
FNDA:0,(anonymous_3)
FNDA:0,(anonymous_4)
DA:43,2
DA:48,0
DA:65,0
DA:68,0
DA:73,0
LF:5
LH:1
BRF:0
BRH:0
end_of_record
TN:
SF:/Users/belt/LEARN/punkapi-vue/src/components/PaModalBeer.vue
FNF:0
FNH:0
DA:99,2
LF:1
LH:1
BRF:0
BRH:0
end_of_record
TN:
SF:/Users/belt/LEARN/punkapi-vue/src/components/PaPicker.vue
FN:55,(anonymous_1)
FN:64,(anonymous_2)
FN:67,(anonymous_3)
FN:74,(anonymous_4)
FN:85,(anonymous_5)
FN:91,(anonymous_6)
FNF:6
FNH:2
FNDA:1,(anonymous_1)
FNDA:1,(anonymous_2)
FNDA:0,(anonymous_3)
FNDA:0,(anonymous_4)
FNDA:0,(anonymous_5)
FNDA:0,(anonymous_6)
DA:56,1
DA:65,1
DA:68,0
DA:75,0
DA:76,0
DA:78,0
DA:81,0
DA:82,0
DA:86,0
DA:87,0
DA:88,0
DA:92,0
DA:94,0
DA:95,0
LF:14
LH:2
BRDA:65,0,0,2
BRDA:65,0,1,1
BRDA:76,1,0,0
BRDA:76,1,1,0
BRDA:78,2,0,0
BRDA:78,2,1,0
BRDA:92,3,0,0
BRDA:92,3,1,0
BRF:8
BRH:2
end_of_record
TN:
SF:/Users/belt/LEARN/punkapi-vue/src/components/PaSearch.vue
FN:34,(anonymous_1)
FN:41,(anonymous_2)
FNF:2
FNH:2
FNDA:5,(anonymous_1)
FNDA:3,(anonymous_2)
DA:35,5
DA:42,3
DA:43,1
DA:45,2
DA:46,1
DA:47,1
DA:49,1
LF:7
LH:7
BRDA:42,0,0,1
BRDA:42,0,1,2
BRDA:42,1,0,3
BRDA:42,1,1,2
BRDA:45,2,0,1
BRDA:45,2,1,1
BRF:6
BRH:6
end_of_record
TN:
SF:/Users/belt/LEARN/punkapi-vue/src/components/PaSwitcher.vue
FN:20,(anonymous_1)
FNF:1
FNH:1
FNDA:7,(anonymous_1)
DA:21,7
LF:1
LH:1
BRF:0
BRH:0
end_of_record
TN:
SF:/Users/belt/LEARN/punkapi-vue/src/mixins/responsive.js
FN:2,(anonymous_0)
FN:21,(anonymous_1)
FN:22,(anonymous_2)
FN:28,(anonymous_3)
FN:33,(anonymous_4)
FN:35,(anonymous_5)
FNF:6
FNH:5
FNDA:5,(anonymous_0)
FNDA:5,(anonymous_1)
FNDA:5,(anonymous_2)
FNDA:0,(anonymous_3)
FNDA:5,(anonymous_4)
FNDA:20,(anonymous_5)
DA:3,5
DA:22,5
DA:23,5
DA:24,5
DA:29,0
DA:34,5
DA:35,5
DA:36,20
LF:8
LH:7
BRF:0
BRH:0
end_of_record
TN:
SF:/Users/belt/LEARN/punkapi-vue/src/store/modules/common.js
FN:1,(anonymous_0)
FN:7,(anonymous_1)
FN:13,(anonymous_2)
FN:19,(anonymous_3)
FNF:4
FNH:3
FNDA:0,(anonymous_0)
FNDA:1,(anonymous_1)
FNDA:1,(anonymous_2)
FNDA:1,(anonymous_3)
DA:1,1
DA:6,1
DA:8,1
DA:12,1
DA:14,1
DA:18,1
DA:20,1
LF:7
LH:7
BRF:0
BRH:0
end_of_record
TN:
SF:/Users/belt/LEARN/punkapi-vue/src/store/modules/punkapi.js
FN:3,(anonymous_0)
FN:10,(anonymous_1)
FN:13,(anonymous_2)
FN:19,(anonymous_3)
FN:36,(anonymous_4)
FN:49,(anonymous_5)
FN:59,(anonymous_6)
FN:63,(anonymous_7)
FNF:8
FNH:6
FNDA:0,(anonymous_0)
FNDA:1,(anonymous_1)
FNDA:1,(anonymous_2)
FNDA:1,(anonymous_3)
FNDA:0,(anonymous_4)
FNDA:2,(anonymous_5)
FNDA:1,(anonymous_6)
FNDA:1,(anonymous_7)
DA:3,1
DA:9,1
DA:11,1
DA:14,1
DA:18,1
DA:20,1
DA:25,1
DA:27,1
DA:28,1
DA:29,1
DA:31,0
DA:32,0
DA:37,0
DA:38,0
DA:39,0
DA:40,0
DA:42,0
DA:43,0
DA:48,1
DA:50,2
DA:51,1
DA:52,1
DA:53,1
DA:56,1
DA:60,1
DA:64,1
LF:26
LH:18
BRDA:20,0,0,1
BRDA:20,0,1,1
BRDA:20,0,2,1
BRDA:25,1,0,1
BRDA:25,1,1,1
BRDA:25,1,2,1
BRDA:50,2,0,1
BRDA:50,2,1,1
BRF:8
BRH:8
end_of_record
TN:
SF:/Users/belt/LEARN/punkapi-vue/src/utils/filters.js
FN:1,(anonymous_0)
FN:9,(anonymous_1)
FNF:2
FNH:2
FNDA:2,(anonymous_0)
FNDA:3,(anonymous_1)
DA:1,1
DA:2,2
DA:3,1
DA:5,1
DA:6,1
DA:9,1
DA:10,3
DA:11,2
LF:8
LH:8
BRDA:2,0,0,1
BRDA:2,0,1,1
BRDA:9,1,0,2
BRDA:10,2,0,1
BRDA:10,2,1,2
BRF:5
BRH:5
end_of_record
TN:
SF:/Users/belt/LEARN/punkapi-vue/src/utils/http.js
FN:3,(anonymous_0)
FNF:1
FNH:1
FNDA:2,(anonymous_0)
DA:4,2
DA:5,2
DA:7,2
DA:8,2
LF:4
LH:4
BRDA:3,0,0,2
BRDA:3,1,0,2
BRF:2
BRH:2
end_of_record
